2022-03-24 02:35:06,935 [myid:] - INFO  [main:o.a.z.s.q.QuorumPeerConfig@177] - Reading configuration from: /home/wuji-flip-flop/Desktop/Flip_Flop/src/main/java/Connection/Zookeeper/apache-zookeeper-3.8.0-bin/bin/../conf/zoo.cfg
2022-03-24 02:35:06,937 [myid:] - INFO  [main:o.a.z.s.q.QuorumPeerConfig@440] - clientPortAddress is 0.0.0.0:2181
2022-03-24 02:35:06,938 [myid:] - INFO  [main:o.a.z.s.q.QuorumPeerConfig@444] - secureClientPort is not set
2022-03-24 02:35:06,938 [myid:] - INFO  [main:o.a.z.s.q.QuorumPeerConfig@460] - observerMasterPort is not set
2022-03-24 02:35:06,938 [myid:] - INFO  [main:o.a.z.s.q.QuorumPeerConfig@477] - metricsProvider.className is org.apache.zookeeper.metrics.impl.DefaultMetricsProvider
2022-03-24 02:35:06,940 [myid:] - INFO  [main:o.a.z.s.DatadirCleanupManager@78] - autopurge.snapRetainCount set to 3
2022-03-24 02:35:06,940 [myid:] - INFO  [main:o.a.z.s.DatadirCleanupManager@79] - autopurge.purgeInterval set to 0
2022-03-24 02:35:06,940 [myid:] - INFO  [main:o.a.z.s.DatadirCleanupManager@101] - Purge task is not scheduled.
2022-03-24 02:35:06,940 [myid:] - WARN  [main:o.a.z.s.q.QuorumPeerMain@139] - Either no config or no quorum defined in config, running in standalone mode
2022-03-24 02:35:06,941 [myid:] - INFO  [main:o.a.z.j.ManagedUtil@46] - Log4j 1.2 jmx support not found; jmx disabled.
2022-03-24 02:35:06,941 [myid:] - INFO  [main:o.a.z.s.q.QuorumPeerConfig@177] - Reading configuration from: /home/wuji-flip-flop/Desktop/Flip_Flop/src/main/java/Connection/Zookeeper/apache-zookeeper-3.8.0-bin/bin/../conf/zoo.cfg
2022-03-24 02:35:06,942 [myid:] - INFO  [main:o.a.z.s.q.QuorumPeerConfig@440] - clientPortAddress is 0.0.0.0:2181
2022-03-24 02:35:06,942 [myid:] - INFO  [main:o.a.z.s.q.QuorumPeerConfig@444] - secureClientPort is not set
2022-03-24 02:35:06,942 [myid:] - INFO  [main:o.a.z.s.q.QuorumPeerConfig@460] - observerMasterPort is not set
2022-03-24 02:35:06,942 [myid:] - INFO  [main:o.a.z.s.q.QuorumPeerConfig@477] - metricsProvider.className is org.apache.zookeeper.metrics.impl.DefaultMetricsProvider
2022-03-24 02:35:06,942 [myid:] - INFO  [main:o.a.z.s.ZooKeeperServerMain@123] - Starting server
2022-03-24 02:35:06,949 [myid:] - INFO  [main:o.a.z.s.ServerMetrics@64] - ServerMetrics initialized with provider org.apache.zookeeper.metrics.impl.DefaultMetricsProvider@35cabb2a
2022-03-24 02:35:06,951 [myid:] - INFO  [main:o.a.z.s.a.DigestAuthenticationProvider@47] - ACL digest algorithm is: SHA1
2022-03-24 02:35:06,952 [myid:] - INFO  [main:o.a.z.s.a.DigestAuthenticationProvider@61] - zookeeper.DigestAuthenticationProvider.enabled = true
2022-03-24 02:35:06,953 [myid:] - INFO  [main:o.a.z.s.p.FileTxnSnapLog@124] - zookeeper.snapshot.trust.empty : false
2022-03-24 02:35:06,961 [myid:] - INFO  [main:o.a.z.ZookeeperBanner@42] - 
2022-03-24 02:35:06,961 [myid:] - INFO  [main:o.a.z.ZookeeperBanner@42] -   ______                  _                                          
2022-03-24 02:35:06,961 [myid:] - INFO  [main:o.a.z.ZookeeperBanner@42] -  |___  /                 | |                                         
2022-03-24 02:35:06,961 [myid:] - INFO  [main:o.a.z.ZookeeperBanner@42] -     / /    ___     ___   | | __   ___    ___   _ __     ___   _ __   
2022-03-24 02:35:06,961 [myid:] - INFO  [main:o.a.z.ZookeeperBanner@42] -    / /    / _ \   / _ \  | |/ /  / _ \  / _ \ | '_ \   / _ \ | '__|
2022-03-24 02:35:06,961 [myid:] - INFO  [main:o.a.z.ZookeeperBanner@42] -   / /__  | (_) | | (_) | |   <  |  __/ |  __/ | |_) | |  __/ | |    
2022-03-24 02:35:06,961 [myid:] - INFO  [main:o.a.z.ZookeeperBanner@42] -  /_____|  \___/   \___/  |_|\_\  \___|  \___| | .__/   \___| |_|
2022-03-24 02:35:06,961 [myid:] - INFO  [main:o.a.z.ZookeeperBanner@42] -                                               | |                     
2022-03-24 02:35:06,961 [myid:] - INFO  [main:o.a.z.ZookeeperBanner@42] -                                               |_|                     
2022-03-24 02:35:06,961 [myid:] - INFO  [main:o.a.z.ZookeeperBanner@42] - 
2022-03-24 02:35:06,962 [myid:] - INFO  [main:o.a.z.Environment@98] - Server environment:zookeeper.version=3.8.0-5a02a05eddb59aee6ac762f7ea82e92a68eb9c0f, built on 2022-02-25 08:49 UTC
2022-03-24 02:35:06,962 [myid:] - INFO  [main:o.a.z.Environment@98] - Server environment:host.name=ubuntu
2022-03-24 02:35:06,962 [myid:] - INFO  [main:o.a.z.Environment@98] - Server environment:java.version=17.0.2
2022-03-24 02:35:06,962 [myid:] - INFO  [main:o.a.z.Environment@98] - Server environment:java.vendor=Private Build
2022-03-24 02:35:06,962 [myid:] - INFO  [main:o.a.z.Environment@98] - Server environment:java.home=/usr/lib/jvm/java-17-openjdk-amd64
2022-03-24 02:35:06,962 [myid:] - INFO  [main:o.a.z.Environment@98] - Server environment:java.class.path=/home/wuji-flip-flop/Desktop/Flip_Flop/src/main/java/Connection/Zookeeper/apache-zookeeper-3.8.0-bin/bin/../zookeeper-server/target/classes:/home/wuji-flip-flop/Desktop/Flip_Flop/src/main/java/Connection/Zookeeper/apache-zookeeper-3.8.0-bin/bin/../build/classes:/home/wuji-flip-flop/Desktop/Flip_Flop/src/main/java/Connection/Zookeeper/apache-zookeeper-3.8.0-bin/bin/../zookeeper-server/target/lib/*.jar:/home/wuji-flip-flop/Desktop/Flip_Flop/src/main/java/Connection/Zookeeper/apache-zookeeper-3.8.0-bin/bin/../build/lib/*.jar:/home/wuji-flip-flop/Desktop/Flip_Flop/src/main/java/Connection/Zookeeper/apache-zookeeper-3.8.0-bin/bin/../lib/zookeeper-prometheus-metrics-3.8.0.jar:/home/wuji-flip-flop/Desktop/Flip_Flop/src/main/java/Connection/Zookeeper/apache-zookeeper-3.8.0-bin/bin/../lib/zookeeper-jute-3.8.0.jar:/home/wuji-flip-flop/Desktop/Flip_Flop/src/main/java/Connection/Zookeeper/apache-zookeeper-3.8.0-bin/bin/../lib/zookeeper-3.8.0.jar:/home/wuji-flip-flop/Desktop/Flip_Flop/src/main/java/Connection/Zookeeper/apache-zookeeper-3.8.0-bin/bin/../lib/snappy-java-1.1.7.7.jar:/home/wuji-flip-flop/Desktop/Flip_Flop/src/main/java/Connection/Zookeeper/apache-zookeeper-3.8.0-bin/bin/../lib/slf4j-api-1.7.30.jar:/home/wuji-flip-flop/Desktop/Flip_Flop/src/main/java/Connection/Zookeeper/apache-zookeeper-3.8.0-bin/bin/../lib/simpleclient_servlet-0.9.0.jar:/home/wuji-flip-flop/Desktop/Flip_Flop/src/main/java/Connection/Zookeeper/apache-zookeeper-3.8.0-bin/bin/../lib/simpleclient_hotspot-0.9.0.jar:/home/wuji-flip-flop/Desktop/Flip_Flop/src/main/java/Connection/Zookeeper/apache-zookeeper-3.8.0-bin/bin/../lib/simpleclient_common-0.9.0.jar:/home/wuji-flip-flop/Desktop/Flip_Flop/src/main/java/Connection/Zookeeper/apache-zookeeper-3.8.0-bin/bin/../lib/simpleclient-0.9.0.jar:/home/wuji-flip-flop/Desktop/Flip_Flop/src/main/java/Connection/Zookeeper/apache-zookeeper-3.8.0-bin/bin/../lib/netty-transport-native-unix-common-4.1.73.Final.jar:/home/wuji-flip-flop/Desktop/Flip_Flop/src/main/java/Connection/Zookeeper/apache-zookeeper-3.8.0-bin/bin/../lib/netty-transport-native-epoll-4.1.73.Final.jar:/home/wuji-flip-flop/Desktop/Flip_Flop/src/main/java/Connection/Zookeeper/apache-zookeeper-3.8.0-bin/bin/../lib/netty-transport-classes-epoll-4.1.73.Final.jar:/home/wuji-flip-flop/Desktop/Flip_Flop/src/main/java/Connection/Zookeeper/apache-zookeeper-3.8.0-bin/bin/../lib/netty-transport-4.1.73.Final.jar:/home/wuji-flip-flop/Desktop/Flip_Flop/src/main/java/Connection/Zookeeper/apache-zookeeper-3.8.0-bin/bin/../lib/netty-tcnative-classes-2.0.48.Final.jar:/home/wuji-flip-flop/Desktop/Flip_Flop/src/main/java/Connection/Zookeeper/apache-zookeeper-3.8.0-bin/bin/../lib/netty-tcnative-2.0.48.Final.jar:/home/wuji-flip-flop/Desktop/Flip_Flop/src/main/java/Connection/Zookeeper/apache-zookeeper-3.8.0-bin/bin/../lib/netty-resolver-4.1.73.Final.jar:/home/wuji-flip-flop/Desktop/Flip_Flop/src/main/java/Connection/Zookeeper/apache-zookeeper-3.8.0-bin/bin/../lib/netty-handler-4.1.73.Final.jar:/home/wuji-flip-flop/Desktop/Flip_Flop/src/main/java/Connection/Zookeeper/apache-zookeeper-3.8.0-bin/bin/../lib/netty-common-4.1.73.Final.jar:/home/wuji-flip-flop/Desktop/Flip_Flop/src/main/java/Connection/Zookeeper/apache-zookeeper-3.8.0-bin/bin/../lib/netty-codec-4.1.73.Final.jar:/home/wuji-flip-flop/Desktop/Flip_Flop/src/main/java/Connection/Zookeeper/apache-zookeeper-3.8.0-bin/bin/../lib/netty-buffer-4.1.73.Final.jar:/home/wuji-flip-flop/Desktop/Flip_Flop/src/main/java/Connection/Zookeeper/apache-zookeeper-3.8.0-bin/bin/../lib/metrics-core-4.1.12.1.jar:/home/wuji-flip-flop/Desktop/Flip_Flop/src/main/java/Connection/Zookeeper/apache-zookeeper-3.8.0-bin/bin/../lib/logback-core-1.2.10.jar:/home/wuji-flip-flop/Desktop/Flip_Flop/src/main/java/Connection/Zookeeper/apache-zookeeper-3.8.0-bin/bin/../lib/logback-classic-1.2.10.jar:/home/wuji-flip-flop/Desktop/Flip_Flop/src/main/java/Connection/Zookeeper/apache-zookeeper-3.8.0-bin/bin/../lib/jline-2.14.6.jar:/home/wuji-flip-flop/Desktop/Flip_Flop/src/main/java/Connection/Zookeeper/apache-zookeeper-3.8.0-bin/bin/../lib/jetty-util-ajax-9.4.43.v20210629.jar:/home/wuji-flip-flop/Desktop/Flip_Flop/src/main/java/Connection/Zookeeper/apache-zookeeper-3.8.0-bin/bin/../lib/jetty-util-9.4.43.v20210629.jar:/home/wuji-flip-flop/Desktop/Flip_Flop/src/main/java/Connection/Zookeeper/apache-zookeeper-3.8.0-bin/bin/../lib/jetty-servlet-9.4.43.v20210629.jar:/home/wuji-flip-flop/Desktop/Flip_Flop/src/main/java/Connection/Zookeeper/apache-zookeeper-3.8.0-bin/bin/../lib/jetty-server-9.4.43.v20210629.jar:/home/wuji-flip-flop/Desktop/Flip_Flop/src/main/java/Connection/Zookeeper/apache-zookeeper-3.8.0-bin/bin/../lib/jetty-security-9.4.43.v20210629.jar:/home/wuji-flip-flop/Desktop/Flip_Flop/src/main/java/Connection/Zookeeper/apache-zookeeper-3.8.0-bin/bin/../lib/jetty-io-9.4.43.v20210629.jar:/home/wuji-flip-flop/Desktop/Flip_Flop/src/main/java/Connection/Zookeeper/apache-zookeeper-3.8.0-bin/bin/../lib/jetty-http-9.4.43.v20210629.jar:/home/wuji-flip-flop/Desktop/Flip_Flop/src/main/java/Connection/Zookeeper/apache-zookeeper-3.8.0-bin/bin/../lib/javax.servlet-api-3.1.0.jar:/home/wuji-flip-flop/Desktop/Flip_Flop/src/main/java/Connection/Zookeeper/apache-zookeeper-3.8.0-bin/bin/../lib/jackson-databind-2.13.1.jar:/home/wuji-flip-flop/Desktop/Flip_Flop/src/main/java/Connection/Zookeeper/apache-zookeeper-3.8.0-bin/bin/../lib/jackson-core-2.13.1.jar:/home/wuji-flip-flop/Desktop/Flip_Flop/src/main/java/Connection/Zookeeper/apache-zookeeper-3.8.0-bin/bin/../lib/jackson-annotations-2.13.1.jar:/home/wuji-flip-flop/Desktop/Flip_Flop/src/main/java/Connection/Zookeeper/apache-zookeeper-3.8.0-bin/bin/../lib/commons-io-2.11.0.jar:/home/wuji-flip-flop/Desktop/Flip_Flop/src/main/java/Connection/Zookeeper/apache-zookeeper-3.8.0-bin/bin/../lib/commons-cli-1.4.jar:/home/wuji-flip-flop/Desktop/Flip_Flop/src/main/java/Connection/Zookeeper/apache-zookeeper-3.8.0-bin/bin/../lib/audience-annotations-0.12.0.jar:/home/wuji-flip-flop/Desktop/Flip_Flop/src/main/java/Connection/Zookeeper/apache-zookeeper-3.8.0-bin/bin/../zookeeper-*.jar:/home/wuji-flip-flop/Desktop/Flip_Flop/src/main/java/Connection/Zookeeper/apache-zookeeper-3.8.0-bin/bin/../zookeeper-server/src/main/resources/lib/*.jar:/home/wuji-flip-flop/Desktop/Flip_Flop/src/main/java/Connection/Zookeeper/apache-zookeeper-3.8.0-bin/bin/../conf:
2022-03-24 02:35:06,962 [myid:] - INFO  [main:o.a.z.Environment@98] - Server environment:java.library.path=/usr/java/packages/lib:/usr/lib/x86_64-linux-gnu/jni:/lib/x86_64-linux-gnu:/usr/lib/x86_64-linux-gnu:/usr/lib/jni:/lib:/usr/lib
2022-03-24 02:35:06,962 [myid:] - INFO  [main:o.a.z.Environment@98] - Server environment:java.io.tmpdir=/tmp
2022-03-24 02:35:06,962 [myid:] - INFO  [main:o.a.z.Environment@98] - Server environment:java.compiler=<NA>
2022-03-24 02:35:06,962 [myid:] - INFO  [main:o.a.z.Environment@98] - Server environment:os.name=Linux
2022-03-24 02:35:06,962 [myid:] - INFO  [main:o.a.z.Environment@98] - Server environment:os.arch=amd64
2022-03-24 02:35:06,963 [myid:] - INFO  [main:o.a.z.Environment@98] - Server environment:os.version=5.13.0-37-generic
2022-03-24 02:35:06,963 [myid:] - INFO  [main:o.a.z.Environment@98] - Server environment:user.name=wuji-flip-flop
2022-03-24 02:35:06,963 [myid:] - INFO  [main:o.a.z.Environment@98] - Server environment:user.home=/home/wuji-flip-flop
2022-03-24 02:35:06,963 [myid:] - INFO  [main:o.a.z.Environment@98] - Server environment:user.dir=/home/wuji-flip-flop/Desktop/Flip_Flop/src/main/java/Connection/Zookeeper/apache-zookeeper-3.8.0-bin/bin
2022-03-24 02:35:06,963 [myid:] - INFO  [main:o.a.z.Environment@98] - Server environment:os.memory.free=118MB
2022-03-24 02:35:06,963 [myid:] - INFO  [main:o.a.z.Environment@98] - Server environment:os.memory.max=1000MB
2022-03-24 02:35:06,963 [myid:] - INFO  [main:o.a.z.Environment@98] - Server environment:os.memory.total=126MB
2022-03-24 02:35:06,963 [myid:] - INFO  [main:o.a.z.s.ZooKeeperServer@140] - zookeeper.enableEagerACLCheck = false
2022-03-24 02:35:06,963 [myid:] - INFO  [main:o.a.z.s.ZooKeeperServer@153] - zookeeper.digest.enabled = true
2022-03-24 02:35:06,963 [myid:] - INFO  [main:o.a.z.s.ZooKeeperServer@157] - zookeeper.closeSessionTxn.enabled = true
2022-03-24 02:35:06,963 [myid:] - INFO  [main:o.a.z.s.ZooKeeperServer@1496] - zookeeper.flushDelay = 0 ms
2022-03-24 02:35:06,963 [myid:] - INFO  [main:o.a.z.s.ZooKeeperServer@1505] - zookeeper.maxWriteQueuePollTime = 0 ms
2022-03-24 02:35:06,963 [myid:] - INFO  [main:o.a.z.s.ZooKeeperServer@1514] - zookeeper.maxBatchSize=1000
2022-03-24 02:35:06,963 [myid:] - INFO  [main:o.a.z.s.ZooKeeperServer@264] - zookeeper.intBufferStartingSizeBytes = 1024
2022-03-24 02:35:06,964 [myid:] - INFO  [main:o.a.z.s.BlueThrottle@141] - Weighed connection throttling is disabled
2022-03-24 02:35:06,964 [myid:] - INFO  [main:o.a.z.s.ZooKeeperServer@1297] - minSessionTimeout set to 4000 ms
2022-03-24 02:35:06,964 [myid:] - INFO  [main:o.a.z.s.ZooKeeperServer@1306] - maxSessionTimeout set to 40000 ms
2022-03-24 02:35:06,965 [myid:] - INFO  [main:o.a.z.s.ResponseCache@45] - getData response cache size is initialized with value 400.
2022-03-24 02:35:06,965 [myid:] - INFO  [main:o.a.z.s.ResponseCache@45] - getChildren response cache size is initialized with value 400.
2022-03-24 02:35:06,966 [myid:] - INFO  [main:o.a.z.s.u.RequestPathMetricsCollector@109] - zookeeper.pathStats.slotCapacity = 60
2022-03-24 02:35:06,966 [myid:] - INFO  [main:o.a.z.s.u.RequestPathMetricsCollector@110] - zookeeper.pathStats.slotDuration = 15
2022-03-24 02:35:06,966 [myid:] - INFO  [main:o.a.z.s.u.RequestPathMetricsCollector@111] - zookeeper.pathStats.maxDepth = 6
2022-03-24 02:35:06,966 [myid:] - INFO  [main:o.a.z.s.u.RequestPathMetricsCollector@112] - zookeeper.pathStats.initialDelay = 5
2022-03-24 02:35:06,966 [myid:] - INFO  [main:o.a.z.s.u.RequestPathMetricsCollector@113] - zookeeper.pathStats.delay = 5
2022-03-24 02:35:06,966 [myid:] - INFO  [main:o.a.z.s.u.RequestPathMetricsCollector@114] - zookeeper.pathStats.enabled = false
2022-03-24 02:35:06,969 [myid:] - INFO  [main:o.a.z.s.ZooKeeperServer@1533] - The max bytes for all large requests are set to 104857600
2022-03-24 02:35:06,969 [myid:] - INFO  [main:o.a.z.s.ZooKeeperServer@1547] - The large request threshold is set to -1
2022-03-24 02:35:06,969 [myid:] - INFO  [main:o.a.z.s.AuthenticationHelper@66] - zookeeper.enforce.auth.enabled = false
2022-03-24 02:35:06,970 [myid:] - INFO  [main:o.a.z.s.AuthenticationHelper@67] - zookeeper.enforce.auth.schemes = []
2022-03-24 02:35:06,970 [myid:] - INFO  [main:o.a.z.s.ZooKeeperServer@365] - Created server with tickTime 2000 ms minSessionTimeout 4000 ms maxSessionTimeout 40000 ms clientPortListenBacklog -1 datadir /tmp/zookeeper/version-2 snapdir /tmp/zookeeper/version-2
2022-03-24 02:35:06,985 [myid:] - INFO  [main:o.e.j.u.l.Log@170] - Logging initialized @903ms to org.eclipse.jetty.util.log.Slf4jLog
2022-03-24 02:35:07,063 [myid:] - WARN  [main:o.e.j.s.h.ContextHandler@1656] - o.e.j.s.ServletContextHandler@35aea049{/,null,STOPPED} contextPath ends with /*
2022-03-24 02:35:07,063 [myid:] - WARN  [main:o.e.j.s.h.ContextHandler@1667] - Empty contextPath
2022-03-24 02:35:07,079 [myid:] - INFO  [main:o.e.j.s.Server@375] - jetty-9.4.43.v20210629; built: 2021-06-30T11:07:22.254Z; git: 526006ecfa3af7f1a27ef3a288e2bef7ea9dd7e8; jvm 17.0.2+8-Ubuntu-122.10
2022-03-24 02:35:07,114 [myid:] - INFO  [main:o.e.j.s.s.DefaultSessionIdManager@334] - DefaultSessionIdManager workerName=node0
2022-03-24 02:35:07,134 [myid:] - INFO  [main:o.e.j.s.s.DefaultSessionIdManager@339] - No SessionScavenger set, using defaults
2022-03-24 02:35:07,136 [myid:] - INFO  [main:o.e.j.s.s.HouseKeeper@132] - node0 Scavenging every 600000ms
2022-03-24 02:35:07,139 [myid:] - WARN  [main:o.e.j.s.ConstraintSecurityHandler@759] - ServletContext@o.e.j.s.ServletContextHandler@35aea049{/,null,STARTING} has uncovered http methods for path: /*
2022-03-24 02:35:07,149 [myid:] - INFO  [main:o.e.j.s.h.ContextHandler@915] - Started o.e.j.s.ServletContextHandler@35aea049{/,null,AVAILABLE}
2022-03-24 02:35:07,161 [myid:] - INFO  [main:o.e.j.s.AbstractConnector@331] - Started ServerConnector@3246fb96{HTTP/1.1, (http/1.1)}{0.0.0.0:8080}
2022-03-24 02:35:07,161 [myid:] - INFO  [main:o.e.j.s.Server@415] - Started @1078ms
2022-03-24 02:35:07,161 [myid:] - INFO  [main:o.a.z.s.a.JettyAdminServer@196] - Started AdminServer on address 0.0.0.0, port 8080 and command URL /commands
2022-03-24 02:35:07,164 [myid:] - INFO  [main:o.a.z.s.ServerCnxnFactory@169] - Using org.apache.zookeeper.server.NIOServerCnxnFactory as server connection factory
2022-03-24 02:35:07,167 [myid:] - WARN  [main:o.a.z.s.ServerCnxnFactory@309] - maxCnxns is not configured, using default value 0.
2022-03-24 02:35:07,168 [myid:] - INFO  [main:o.a.z.s.NIOServerCnxnFactory@652] - Configuring NIO connection handler with 10s sessionless connection timeout, 1 selector thread(s), 4 worker threads, and 64 kB direct buffers.
2022-03-24 02:35:07,169 [myid:] - INFO  [main:o.a.z.s.NIOServerCnxnFactory@660] - binding to port 0.0.0.0/0.0.0.0:2181
2022-03-24 02:35:07,182 [myid:] - INFO  [main:o.a.z.s.w.WatchManagerFactory@42] - Using org.apache.zookeeper.server.watch.WatchManager as watch manager
2022-03-24 02:35:07,182 [myid:] - INFO  [main:o.a.z.s.w.WatchManagerFactory@42] - Using org.apache.zookeeper.server.watch.WatchManager as watch manager
2022-03-24 02:35:07,183 [myid:] - INFO  [main:o.a.z.s.ZKDatabase@132] - zookeeper.snapshotSizeFactor = 0.33
2022-03-24 02:35:07,183 [myid:] - INFO  [main:o.a.z.s.ZKDatabase@152] - zookeeper.commitLogCount=500
2022-03-24 02:35:07,188 [myid:] - INFO  [main:o.a.z.s.p.SnapStream@61] - zookeeper.snapshot.compression.method = CHECKED
2022-03-24 02:35:07,188 [myid:] - INFO  [main:o.a.z.s.p.FileTxnSnapLog@479] - Snapshotting: 0x0 to /tmp/zookeeper/version-2/snapshot.0
2022-03-24 02:35:07,190 [myid:] - INFO  [main:o.a.z.s.ZKDatabase@289] - Snapshot loaded in 7 ms, highest zxid is 0x0, digest is 1371985504
2022-03-24 02:35:07,191 [myid:] - INFO  [main:o.a.z.s.p.FileTxnSnapLog@479] - Snapshotting: 0x0 to /tmp/zookeeper/version-2/snapshot.0
2022-03-24 02:35:07,192 [myid:] - INFO  [main:o.a.z.s.ZooKeeperServer@547] - Snapshot taken in 0 ms
2022-03-24 02:35:07,204 [myid:] - INFO  [main:o.a.z.s.RequestThrottler@75] - zookeeper.request_throttler.shutdownTimeout = 10000 ms
2022-03-24 02:35:07,204 [myid:] - INFO  [ProcessThread(sid:0 cport:2181)::o.a.z.s.PrepRequestProcessor@138] - PrepRequestProcessor (sid:0) started, reconfigEnabled=false
2022-03-24 02:35:07,218 [myid:] - INFO  [main:o.a.z.s.ContainerManager@84] - Using checkIntervalMs=60000 maxPerMinute=10000 maxNeverUsedIntervalMs=0
2022-03-24 02:35:07,218 [myid:] - INFO  [main:o.a.z.a.ZKAuditProvider@42] - ZooKeeper audit is disabled.
2022-03-24 02:35:18,049 [myid:] - INFO  [SyncThread:0:o.a.z.s.p.FileTxnLog@285] - Creating new log file: log.1
2022-03-24 02:35:28,359 [myid:] - WARN  [NIOWorkerThread-1:o.a.z.s.NIOServerCnxn@371] - Unexpected exception
org.apache.zookeeper.server.ServerCnxn$EndOfStreamException: Unable to read additional data from client, it probably closed the socket: address = /127.0.0.1:57484, session = 0x10000082d680000
	at org.apache.zookeeper.server.NIOServerCnxn.handleFailedRead(NIOServerCnxn.java:170)
	at org.apache.zookeeper.server.NIOServerCnxn.doIO(NIOServerCnxn.java:333)
	at org.apache.zookeeper.server.NIOServerCnxnFactory$IOWorkRequest.doWork(NIOServerCnxnFactory.java:508)
	at org.apache.zookeeper.server.WorkerService$ScheduledWorkRequest.run(WorkerService.java:153)
	at java.base/java.util.concurrent.ThreadPoolExecutor.runWorker(ThreadPoolExecutor.java:1136)
	at java.base/java.util.concurrent.ThreadPoolExecutor$Worker.run(ThreadPoolExecutor.java:635)
	at java.base/java.lang.Thread.run(Thread.java:833)
2022-03-24 02:35:33,281 [myid:] - INFO  [SessionTracker:o.a.z.s.ZooKeeperServer@632] - Expiring session 0x10000082d680000, timeout of 4000ms exceeded
2022-03-24 02:35:47,368 [myid:] - WARN  [NIOWorkerThread-2:o.a.z.s.NIOServerCnxn@371] - Unexpected exception
org.apache.zookeeper.server.ServerCnxn$EndOfStreamException: Unable to read additional data from client, it probably closed the socket: address = /127.0.0.1:57486, session = 0x10000082d680001
	at org.apache.zookeeper.server.NIOServerCnxn.handleFailedRead(NIOServerCnxn.java:170)
	at org.apache.zookeeper.server.NIOServerCnxn.doIO(NIOServerCnxn.java:333)
	at org.apache.zookeeper.server.NIOServerCnxnFactory$IOWorkRequest.doWork(NIOServerCnxnFactory.java:508)
	at org.apache.zookeeper.server.WorkerService$ScheduledWorkRequest.run(WorkerService.java:153)
	at java.base/java.util.concurrent.ThreadPoolExecutor.runWorker(ThreadPoolExecutor.java:1136)
	at java.base/java.util.concurrent.ThreadPoolExecutor$Worker.run(ThreadPoolExecutor.java:635)
	at java.base/java.lang.Thread.run(Thread.java:833)
2022-03-24 02:35:51,282 [myid:] - INFO  [SessionTracker:o.a.z.s.ZooKeeperServer@632] - Expiring session 0x10000082d680001, timeout of 4000ms exceeded
2022-03-24 03:08:42,452 [myid:] - WARN  [NIOWorkerThread-3:o.a.z.s.NIOServerCnxn@371] - Unexpected exception
org.apache.zookeeper.server.ServerCnxn$EndOfStreamException: Unable to read additional data from client, it probably closed the socket: address = /127.0.0.1:57488, session = 0x10000082d680002
	at org.apache.zookeeper.server.NIOServerCnxn.handleFailedRead(NIOServerCnxn.java:170)
	at org.apache.zookeeper.server.NIOServerCnxn.doIO(NIOServerCnxn.java:333)
	at org.apache.zookeeper.server.NIOServerCnxnFactory$IOWorkRequest.doWork(NIOServerCnxnFactory.java:508)
	at org.apache.zookeeper.server.WorkerService$ScheduledWorkRequest.run(WorkerService.java:153)
	at java.base/java.util.concurrent.ThreadPoolExecutor.runWorker(ThreadPoolExecutor.java:1136)
	at java.base/java.util.concurrent.ThreadPoolExecutor$Worker.run(ThreadPoolExecutor.java:635)
	at java.base/java.lang.Thread.run(Thread.java:833)
2022-03-24 03:08:47,282 [myid:] - INFO  [SessionTracker:o.a.z.s.ZooKeeperServer@632] - Expiring session 0x10000082d680002, timeout of 4000ms exceeded
2022-03-24 03:11:13,379 [myid:] - WARN  [NIOWorkerThread-4:o.a.z.s.NIOServerCnxn@371] - Unexpected exception
org.apache.zookeeper.server.ServerCnxn$EndOfStreamException: Unable to read additional data from client, it probably closed the socket: address = /127.0.0.1:57490, session = 0x10000082d680003
	at org.apache.zookeeper.server.NIOServerCnxn.handleFailedRead(NIOServerCnxn.java:170)
	at org.apache.zookeeper.server.NIOServerCnxn.doIO(NIOServerCnxn.java:333)
	at org.apache.zookeeper.server.NIOServerCnxnFactory$IOWorkRequest.doWork(NIOServerCnxnFactory.java:508)
	at org.apache.zookeeper.server.WorkerService$ScheduledWorkRequest.run(WorkerService.java:153)
	at java.base/java.util.concurrent.ThreadPoolExecutor.runWorker(ThreadPoolExecutor.java:1136)
	at java.base/java.util.concurrent.ThreadPoolExecutor$Worker.run(ThreadPoolExecutor.java:635)
	at java.base/java.lang.Thread.run(Thread.java:833)
2022-03-24 03:11:17,282 [myid:] - INFO  [SessionTracker:o.a.z.s.ZooKeeperServer@632] - Expiring session 0x10000082d680003, timeout of 4000ms exceeded
2022-03-24 03:32:49,821 [myid:] - WARN  [NIOWorkerThread-1:o.a.z.s.NIOServerCnxn@371] - Unexpected exception
org.apache.zookeeper.server.ServerCnxn$EndOfStreamException: Unable to read additional data from client, it probably closed the socket: address = /127.0.0.1:57492, session = 0x10000082d680004
	at org.apache.zookeeper.server.NIOServerCnxn.handleFailedRead(NIOServerCnxn.java:170)
	at org.apache.zookeeper.server.NIOServerCnxn.doIO(NIOServerCnxn.java:333)
	at org.apache.zookeeper.server.NIOServerCnxnFactory$IOWorkRequest.doWork(NIOServerCnxnFactory.java:508)
	at org.apache.zookeeper.server.WorkerService$ScheduledWorkRequest.run(WorkerService.java:153)
	at java.base/java.util.concurrent.ThreadPoolExecutor.runWorker(ThreadPoolExecutor.java:1136)
	at java.base/java.util.concurrent.ThreadPoolExecutor$Worker.run(ThreadPoolExecutor.java:635)
	at java.base/java.lang.Thread.run(Thread.java:833)
2022-03-24 03:32:53,282 [myid:] - INFO  [SessionTracker:o.a.z.s.ZooKeeperServer@632] - Expiring session 0x10000082d680004, timeout of 4000ms exceeded
2022-03-24 03:34:40,695 [myid:] - WARN  [NIOWorkerThread-2:o.a.z.s.NIOServerCnxn@371] - Unexpected exception
org.apache.zookeeper.server.ServerCnxn$EndOfStreamException: Unable to read additional data from client, it probably closed the socket: address = /127.0.0.1:57494, session = 0x10000082d680005
	at org.apache.zookeeper.server.NIOServerCnxn.handleFailedRead(NIOServerCnxn.java:170)
	at org.apache.zookeeper.server.NIOServerCnxn.doIO(NIOServerCnxn.java:333)
	at org.apache.zookeeper.server.NIOServerCnxnFactory$IOWorkRequest.doWork(NIOServerCnxnFactory.java:508)
	at org.apache.zookeeper.server.WorkerService$ScheduledWorkRequest.run(WorkerService.java:153)
	at java.base/java.util.concurrent.ThreadPoolExecutor.runWorker(ThreadPoolExecutor.java:1136)
	at java.base/java.util.concurrent.ThreadPoolExecutor$Worker.run(ThreadPoolExecutor.java:635)
	at java.base/java.lang.Thread.run(Thread.java:833)
2022-03-24 03:34:45,282 [myid:] - INFO  [SessionTracker:o.a.z.s.ZooKeeperServer@632] - Expiring session 0x10000082d680005, timeout of 4000ms exceeded
